{"content": {"suites": {"0": {"status": {"total_pass": 1, "total_skip": 0, "total_xpass": 0, "total_xfail": 0, "total_rerun": 0, "total_fail": 0, "total_error": 0}, "tests": {"0": {"status": "PASS", "message": "", "test_name": "test_OPEN_ACT_8", "rerun": "0"}}, "suite_name": "testcase/OpenSession/test_OPEN_ACT_8.py"}, "1": {"suite_name": "testcase/OpenSession/test_OPEN_AUTH_1.py", "tests": {"0": {"status": "FAIL", "message": "           AssertionError: soft assertion failures:\n           1. Expected <8> to be equal to <0>, but was not.\n           2. Expected <Invalid Action> to be equal to <Success>, but was not.\n", "test_name": "test_OPEN_AUTH_1", "rerun": "0"}}, "status": {"total_pass": 0, "total_skip": 0, "total_xpass": 0, "total_xfail": 0, "total_rerun": 0, "total_fail": 1, "total_error": 0}}, "2": {"suite_name": "testcase/OpenSession/test_OPEN_AUTH_10.py", "tests": {"0": {"status": "FAIL", "message": "           AssertionError: soft assertion failures:\n           1. Expected <8> to be equal to <14>, but was not.\n           2. Expected <Invalid Action> to be equal to <Open Session Failed>, but was not.\n", "test_name": "test_OPEN_AUTH_10", "rerun": "0"}}, "status": {"total_pass": 0, "total_skip": 0, "total_xpass": 0, "total_xfail": 0, "total_rerun": 0, "total_fail": 1, "total_error": 0}}}}, "date": "September 22, 2022", "start_time": 1663823642.9289825, "total_suite": 3, "status": "FAIL", "status_list": {"pass": "1", "fail": "2", "skip": "0", "error": "0", "xpass": "0", "xfail": "0", "rerun": "0"}, "total_tests": "3"}