{"content": {"suites": {"0": {"status": {"total_pass": 1, "total_skip": 0, "total_xpass": 0, "total_xfail": 0, "total_rerun": 0, "total_fail": 0, "total_error": 0}, "tests": {"0": {"status": "PASS", "message": "", "test_name": "test_Openssesion_Success_first", "rerun": "0"}}, "suite_name": "testcase/OpenSession/test_OPEN_ACT_1.py"}, "1": {"suite_name": "testcase/OpenSession/test_OPEN_ACT_2.py", "tests": {"0": {"status": "PASS", "message": "", "test_name": "test_OPEN_ACT_2", "rerun": "0"}}, "status": {"total_pass": 1, "total_skip": 0, "total_xpass": 0, "total_xfail": 0, "total_rerun": 0, "total_fail": 0, "total_error": 0}}, "2": {"suite_name": "testcase/OpenSession/test_OPEN_ACT_3.py", "tests": {"0": {"status": "PASS", "message": "", "test_name": "test_OPEN_ACT_3", "rerun": "0"}}, "status": {"total_pass": 1, "total_skip": 0, "total_xpass": 0, "total_xfail": 0, "total_rerun": 0, "total_fail": 0, "total_error": 0}}, "3": {"suite_name": "testcase/OpenSession/test_OPEN_ACT_4.py", "tests": {"0": {"status": "PASS", "message": "", "test_name": "test_OPEN_ACT_4", "rerun": "0"}}, "status": {"total_pass": 1, "total_skip": 0, "total_xpass": 0, "total_xfail": 0, "total_rerun": 0, "total_fail": 0, "total_error": 0}}, "4": {"suite_name": "testcase/OpenSession/test_OPEN_ACT_5.py", "tests": {"0": {"status": "PASS", "message": "", "test_name": "test_OPEN_ACT_5", "rerun": "0"}}, "status": {"total_pass": 1, "total_skip": 0, "total_xpass": 0, "total_xfail": 0, "total_rerun": 0, "total_fail": 0, "total_error": 0}}, "5": {"suite_name": "testcase/OpenSession/test_OPEN_ACT_6.py", "tests": {"0": {"status": "PASS", "message": "", "test_name": "test_OPEN_ACT_6", "rerun": "0"}}, "status": {"total_pass": 1, "total_skip": 0, "total_xpass": 0, "total_xfail": 0, "total_rerun": 0, "total_fail": 0, "total_error": 0}}, "6": {"suite_name": "testcase/OpenSession/test_OPEN_ACT_7.py", "tests": {"0": {"status": "PASS", "message": "", "test_name": "test_OPEN_ACT_7", "rerun": "0"}}, "status": {"total_pass": 1, "total_skip": 0, "total_xpass": 0, "total_xfail": 0, "total_rerun": 0, "total_fail": 0, "total_error": 0}}, "7": {"suite_name": "testcase/OpenSession/test_OPEN_ACT_8.py", "tests": {"0": {"status": "PASS", "message": "", "test_name": "test_OPEN_ACT_8", "rerun": "0"}}, "status": {"total_pass": 1, "total_skip": 0, "total_xpass": 0, "total_xfail": 0, "total_rerun": 0, "total_fail": 0, "total_error": 0}}, "8": {"suite_name": "testcase/OpenSession/test_OPEN_AUTH_1.py", "tests": {"0": {"status": "FAIL", "message": "           AssertionError: soft assertion failures:\n           1. Expected <8> to be equal to <0>, but was not.\n           2. Expected <Invalid Action> to be equal to <Success>, but was not.\n", "test_name": "test_OPEN_AUTH_1", "rerun": "0"}}, "status": {"total_pass": 0, "total_skip": 0, "total_xpass": 0, "total_xfail": 0, "total_rerun": 0, "total_fail": 1, "total_error": 0}}, "9": {"suite_name": "testcase/OpenSession/test_OPEN_AUTH_10.py", "tests": {"0": {"status": "FAIL", "message": "           AssertionError: soft assertion failures:\n           1. Expected <8> to be equal to <14>, but was not.\n           2. Expected <Invalid Action> to be equal to <Open Session Failed>, but was not.\n", "test_name": "test_OPEN_AUTH_10", "rerun": "0"}}, "status": {"total_pass": 0, "total_skip": 0, "total_xpass": 0, "total_xfail": 0, "total_rerun": 0, "total_fail": 1, "total_error": 0}}, "10": {"suite_name": "testcase/OpenSession/test_OPEN_AUTH_2.py", "tests": {"0": {"status": "FAIL", "message": "           AssertionError: soft assertion failures:\n           1. Expected <8> to be equal to <14>, but was not.\n           2. Expected <Invalid Action> to be equal to <Open Session Failed>, but was not.\n", "test_name": "test_OPEN_AUTH_2", "rerun": "0"}}, "status": {"total_pass": 0, "total_skip": 0, "total_xpass": 0, "total_xfail": 0, "total_rerun": 0, "total_fail": 1, "total_error": 0}}, "11": {"suite_name": "testcase/OpenSession/test_OPEN_AUTH_3.py", "tests": {"0": {"status": "FAIL", "message": "           AssertionError: soft assertion failures:\n           1. Expected <8> to be equal to <14>, but was not.\n           2. Expected <Invalid Action> to be equal to <Open Session Failed>, but was not.\n", "test_name": "test_OPEN_AUTH_3", "rerun": "0"}}, "status": {"total_pass": 0, "total_skip": 0, "total_xpass": 0, "total_xfail": 0, "total_rerun": 0, "total_fail": 1, "total_error": 0}}, "12": {"suite_name": "testcase/OpenSession/test_OPEN_AUTH_4.py", "tests": {"0": {"status": "FAIL", "message": "           AssertionError: soft assertion failures:\n           1. Expected <8> to be equal to <14>, but was not.\n           2. Expected <Invalid Action> to be equal to <Open Session Failed>, but was not.\n", "test_name": "test_OPEN_AUTH_4", "rerun": "0"}}, "status": {"total_pass": 0, "total_skip": 0, "total_xpass": 0, "total_xfail": 0, "total_rerun": 0, "total_fail": 1, "total_error": 0}}, "13": {"suite_name": "testcase/OpenSession/test_OPEN_AUTH_5.py", "tests": {"0": {"status": "FAIL", "message": "           AssertionError: soft assertion failures:\n           1. Expected <8> to be equal to <14>, but was not.\n           2. Expected <Invalid Action> to be equal to <Open Session Failed>, but was not.\n", "test_name": "test_OPEN_AUTH_5", "rerun": "0"}}, "status": {"total_pass": 0, "total_skip": 0, "total_xpass": 0, "total_xfail": 0, "total_rerun": 0, "total_fail": 1, "total_error": 0}}, "14": {"suite_name": "testcase/OpenSession/test_OPEN_AUTH_6.py", "tests": {"0": {"status": "FAIL", "message": "           AssertionError: soft assertion failures:\n           1. Expected <8> to be equal to <14>, but was not.\n           2. Expected <Invalid Action> to be equal to <Open Session Failed>, but was not.\n", "test_name": "test_OPEN_AUTH_6", "rerun": "0"}}, "status": {"total_pass": 0, "total_skip": 0, "total_xpass": 0, "total_xfail": 0, "total_rerun": 0, "total_fail": 1, "total_error": 0}}, "15": {"suite_name": "testcase/OpenSession/test_OPEN_AUTH_7.py", "tests": {"0": {"status": "FAIL", "message": "           AssertionError: soft assertion failures:\n           1. Expected <8> to be equal to <14>, but was not.\n           2. Expected <Invalid Action> to be equal to <Open Session Failed>, but was not.\n", "test_name": "test_OPEN_AUTH_7", "rerun": "0"}}, "status": {"total_pass": 0, "total_skip": 0, "total_xpass": 0, "total_xfail": 0, "total_rerun": 0, "total_fail": 1, "total_error": 0}}, "16": {"suite_name": "testcase/OpenSession/test_OPEN_AUTH_8.py", "tests": {"0": {"status": "FAIL", "message": "           AssertionError: soft assertion failures:\n           1. Expected <8> to be equal to <14>, but was not.\n           2. Expected <Invalid Action> to be equal to <Open Session Failed>, but was not.\n", "test_name": "test_OPEN_AUTH_8", "rerun": "0"}}, "status": {"total_pass": 0, "total_skip": 0, "total_xpass": 0, "total_xfail": 0, "total_rerun": 0, "total_fail": 1, "total_error": 0}}, "17": {"suite_name": "testcase/OpenSession/test_OPEN_AUTH_9.py", "tests": {"0": {"status": "FAIL", "message": "           AssertionError: soft assertion failures:\n           1. Expected <8> to be equal to <14>, but was not.\n           2. Expected <Invalid Action> to be equal to <Open Session Failed>, but was not.\n", "test_name": "test_OPEN_AUTH_9", "rerun": "0"}}, "status": {"total_pass": 0, "total_skip": 0, "total_xpass": 0, "total_xfail": 0, "total_rerun": 0, "total_fail": 1, "total_error": 0}}, "18": {"suite_name": "testcase/OpenSession/test_OPEN_MAC_1.py", "tests": {"0": {"status": "FAIL", "message": "           AssertionError: soft assertion failures:\n           1. Expected <8> to be equal to <0>, but was not.\n           2. Expected <Invalid Action> to be equal to <Success>, but was not.\n", "test_name": "test_MAC_1", "rerun": "0"}}, "status": {"total_pass": 0, "total_skip": 0, "total_xpass": 0, "total_xfail": 0, "total_rerun": 0, "total_fail": 1, "total_error": 0}}, "19": {"suite_name": "testcase/OpenSession/test_OPEN_MAC_2.py", "tests": {"0": {"status": "FAIL", "message": "               AssertionError: soft assertion failures:\n               1. Expected <8> to be equal to <11>, but was not.\n               2. Expected <Invalid Action> to be equal to <Verify Fail>, but was not.\n               3. Expected <8> to be equal to <11>, but was not.\n               4. Expected <Invalid Action> to be equal to <Verify Fail>, but was not.\n               5. Expected <8> to be equal to <11>, but was not.\n               6. Expected <Invalid Action> to be equal to <Verify Fail>, but was not.\n", "test_name": "test_OPEN_MAC_2", "rerun": "0"}}, "status": {"total_pass": 0, "total_skip": 0, "total_xpass": 0, "total_xfail": 0, "total_rerun": 0, "total_fail": 1, "total_error": 0}}, "20": {"suite_name": "testcase/OpenSession/test_OPEN_MAC_3.py", "tests": {"0": {"status": "FAIL", "message": "               AssertionError: soft assertion failures:\n               1. Expected <8> to be equal to <11>, but was not.\n               2. Expected <Invalid Action> to be equal to <Verify Fail>, but was not.\n               3. Expected <8> to be equal to <11>, but was not.\n               4. Expected <Invalid Action> to be equal to <Verify Fail>, but was not.\n", "test_name": "test_OPEN_MAC_3", "rerun": "0"}}, "status": {"total_pass": 0, "total_skip": 0, "total_xpass": 0, "total_xfail": 0, "total_rerun": 0, "total_fail": 1, "total_error": 0}}, "21": {"suite_name": "testcase/OpenSession/test_OPEN_MAC_4.py", "tests": {"0": {"status": "FAIL", "message": "               AssertionError: soft assertion failures:\n               1. Expected <8> to be equal to <11>, but was not.\n               2. Expected <Invalid Action> to be equal to <Verify Fail>, but was not.\n", "test_name": "test_OPEN_MAC_4", "rerun": "0"}}, "status": {"total_pass": 0, "total_skip": 0, "total_xpass": 0, "total_xfail": 0, "total_rerun": 0, "total_fail": 1, "total_error": 0}}, "22": {"suite_name": "testcase/OpenSession/test_OPEN_MAC_5.py", "tests": {"0": {"status": "FAIL", "message": "               AssertionError: soft assertion failures:\n               1. Expected <8> to be equal to <11>, but was not.\n               2. Expected <Invalid Action> to be equal to <Verify Fail>, but was not.\n", "test_name": "test_OPEN_MAC_5", "rerun": "0"}}, "status": {"total_pass": 0, "total_skip": 0, "total_xpass": 0, "total_xfail": 0, "total_rerun": 0, "total_fail": 1, "total_error": 0}}, "23": {"suite_name": "testcase/OpenSession/test_OPEN_MAC_6.py", "tests": {"0": {"status": "FAIL", "message": "               AssertionError: soft assertion failures:\n               1. Expected <8> to be equal to <11>, but was not.\n               2. Expected <Invalid Action> to be equal to <Verify Fail>, but was not.\n", "test_name": "test_OPEN_MAC_6", "rerun": "0"}}, "status": {"total_pass": 0, "total_skip": 0, "total_xpass": 0, "total_xfail": 0, "total_rerun": 0, "total_fail": 1, "total_error": 0}}, "24": {"suite_name": "testcase/OpenSession/test_OPEN_MAC_7.py", "tests": {"0": {"status": "FAIL", "message": "               AssertionError: soft assertion failures:\n               1. Expected <8> to be equal to <0>, but was not.\n               2. Expected <Invalid Action> to be equal to <Success>, but was not.\n", "test_name": "test_OPEN_MAC_7", "rerun": "0"}}, "status": {"total_pass": 0, "total_skip": 0, "total_xpass": 0, "total_xfail": 0, "total_rerun": 0, "total_fail": 1, "total_error": 0}}, "25": {"suite_name": "testcase/OpenSession/test_OPEN_Mesh_ONT.py", "tests": {"0": {"status": "PASS", "message": "", "test_name": "test_OPEN_MESH_ONT", "rerun": "0"}}, "status": {"total_pass": 1, "total_skip": 0, "total_xpass": 0, "total_xfail": 0, "total_rerun": 0, "total_fail": 0, "total_error": 0}}, "26": {"suite_name": "testcase/OpenSession/test_OPEN_Mesh_Only.py", "tests": {"0": {"status": "PASS", "message": "", "test_name": "test_OPEN_MESH_ONLY", "rerun": "0"}}, "status": {"total_pass": 1, "total_skip": 0, "total_xpass": 0, "total_xfail": 0, "total_rerun": 0, "total_fail": 0, "total_error": 0}}, "27": {"suite_name": "testcase/OpenSession/test_OPEN_Mesh_Only_Not_Kill_Agent.py", "tests": {"0": {"status": "PASS", "message": "", "test_name": "test_OPEN_MESH_ONLY", "rerun": "0"}}, "status": {"total_pass": 1, "total_skip": 0, "total_xpass": 0, "total_xfail": 0, "total_rerun": 0, "total_fail": 0, "total_error": 0}}, "28": {"suite_name": "testcase/OpenSession/test_OPEN_REQID_1.py", "tests": {"0": {"status": "FAIL", "message": "               AssertionError: soft assertion failures:\n               1. Expected <8> to be equal to <0>, but was not.\n               2. Expected <Invalid Action> to be equal to <Success>, but was not.\n               3. Expected <8> to be equal to <0>, but was not.\n               4. Expected <Invalid Action> to be equal to <Success>, but was not.\n               5. Expected <8> to be equal to <0>, but was not.\n               6. Expected <Invalid Action> to be equal to <Success>, but was not.\n               7. Expected <8> to be equal to <0>, but was not.\n               8. Expected <Invalid Action> to be equal to <Success>, but was not.\n", "test_name": "test_OPEN_REQID_1", "rerun": "0"}}, "status": {"total_pass": 0, "total_skip": 0, "total_xpass": 0, "total_xfail": 0, "total_rerun": 0, "total_fail": 1, "total_error": 0}}, "29": {"suite_name": "testcase/OpenSession/test_OPEN_REQID_2.py", "tests": {"0": {"status": "FAIL", "message": "               AssertionError: soft assertion failures:\n               1. Expected <8> to be equal to <11>, but was not.\n               2. Expected <Invalid Action> to be equal to <Verify Fail>, but was not.\n", "test_name": "test_OPEN_REQID_2", "rerun": "0"}}, "status": {"total_pass": 0, "total_skip": 0, "total_xpass": 0, "total_xfail": 0, "total_rerun": 0, "total_fail": 1, "total_error": 0}}, "30": {"suite_name": "testcase/OpenSession/test_OPEN_REQID_3.py", "tests": {"0": {"status": "FAIL", "message": "               AssertionError: soft assertion failures:\n               1. Expected <8> to be equal to <11>, but was not.\n               2. Expected <Invalid Action> to be equal to <Verify Fail>, but was not.\n", "test_name": "test_OPEN_REQID_3", "rerun": "0"}}, "status": {"total_pass": 0, "total_skip": 0, "total_xpass": 0, "total_xfail": 0, "total_rerun": 0, "total_fail": 1, "total_error": 0}}, "31": {"suite_name": "testcase/OpenSession/test_OPEN_REQID_4.py", "tests": {"0": {"status": "FAIL", "message": "               AssertionError: soft assertion failures:\n               1. Expected <8> to be equal to <11>, but was not.\n               2. Expected <Invalid Action> to be equal to <Verify Fail>, but was not.\n", "test_name": "test_OPEN_REQID_4", "rerun": "0"}}, "status": {"total_pass": 0, "total_skip": 0, "total_xpass": 0, "total_xfail": 0, "total_rerun": 0, "total_fail": 1, "total_error": 0}}, "32": {"suite_name": "testcase/OpenSession/test_OPEN_REQID_5.py", "tests": {"0": {"status": "FAIL", "message": "               AssertionError: soft assertion failures:\n               1. Expected <8> to be equal to <11>, but was not.\n               2. Expected <Invalid Action> to be equal to <Verify Fail>, but was not.\n", "test_name": "test_OPEN_REQID_5", "rerun": "0"}}, "status": {"total_pass": 0, "total_skip": 0, "total_xpass": 0, "total_xfail": 0, "total_rerun": 0, "total_fail": 1, "total_error": 0}}, "33": {"suite_name": "testcase/OpenSession/test_OPEN_REQID_6.py", "tests": {"0": {"status": "FAIL", "message": "               AssertionError: soft assertion failures:\n               1. Expected <8> to be equal to <11>, but was not.\n               2. Expected <Invalid Action> to be equal to <Verify Fail>, but was not.\n", "test_name": "test_OPEN_REQID_5", "rerun": "0"}}, "status": {"total_pass": 0, "total_skip": 0, "total_xpass": 0, "total_xfail": 0, "total_rerun": 0, "total_fail": 1, "total_error": 0}}, "34": {"suite_name": "testcase/OpenSession/test_OPEN_TIME_1.py", "tests": {"0": {"status": "FAIL", "message": "           AssertionError: soft assertion failures:\n           1. Expected <8> to be equal to <0>, but was not.\n           2. Expected <Invalid Action> to be equal to <Success>, but was not.\n", "test_name": "test_OPEN_TIME_1", "rerun": "0"}}, "status": {"total_pass": 0, "total_skip": 0, "total_xpass": 0, "total_xfail": 0, "total_rerun": 0, "total_fail": 1, "total_error": 0}}, "35": {"suite_name": "testcase/OpenSession/test_OPEN_TIME_2.py", "tests": {"0": {"status": "FAIL", "message": "           AssertionError: soft assertion failures:\n           1. Expected <8> to be equal to <0>, but was not.\n           2. Expected <Invalid Action> to be equal to <Success>, but was not.\n", "test_name": "test_OPEN_TIME_2", "rerun": "0"}}, "status": {"total_pass": 0, "total_skip": 0, "total_xpass": 0, "total_xfail": 0, "total_rerun": 0, "total_fail": 1, "total_error": 0}}, "36": {"suite_name": "testcase/OpenSession/test_OPEN_TIME_3.py", "tests": {"0": {"status": "FAIL", "message": "           AssertionError: soft assertion failures:\n           1. Expected <8> to be equal to <0>, but was not.\n           2. Expected <Invalid Action> to be equal to <Success>, but was not.\n", "test_name": "test_OPEN_TIME_3", "rerun": "0"}}, "status": {"total_pass": 0, "total_skip": 0, "total_xpass": 0, "total_xfail": 0, "total_rerun": 0, "total_fail": 1, "total_error": 0}}, "37": {"suite_name": "testcase/OpenSession/test_OPEN_TIME_4.py", "tests": {"0": {"status": "FAIL", "message": "           AssertionError: soft assertion failures:\n           1. Expected <8> to be equal to <0>, but was not.\n           2. Expected <Invalid Action> to be equal to <Success>, but was not.\n", "test_name": "test_OPEN_TIME_4", "rerun": "0"}}, "status": {"total_pass": 0, "total_skip": 0, "total_xpass": 0, "total_xfail": 0, "total_rerun": 0, "total_fail": 1, "total_error": 0}}, "38": {"suite_name": "testcase/OpenSession/test_OPEN_TIME_5.py", "tests": {"0": {"status": "FAIL", "message": "           AssertionError: soft assertion failures:\n           1. Expected <8> to be equal to <0>, but was not.\n           2. Expected <Invalid Action> to be equal to <Success>, but was not.\n", "test_name": "test_OPEN_TIME_5", "rerun": "0"}}, "status": {"total_pass": 0, "total_skip": 0, "total_xpass": 0, "total_xfail": 0, "total_rerun": 0, "total_fail": 1, "total_error": 0}}, "39": {"suite_name": "testcase/OpenSession/test_OPEN_TIME_6.py", "tests": {"0": {"status": "FAIL", "message": "           AssertionError: soft assertion failures:\n           1. Expected <8> to be equal to <0>, but was not.\n           2. Expected <Invalid Action> to be equal to <Success>, but was not.\n", "test_name": "test_OPEN_TIME_6", "rerun": "0"}}, "status": {"total_pass": 0, "total_skip": 0, "total_xpass": 0, "total_xfail": 0, "total_rerun": 0, "total_fail": 1, "total_error": 0}}}}, "date": "September 22, 2022", "start_time": 1663817340.4869525, "total_suite": 40, "status": "FAIL", "status_list": {"pass": "11", "fail": "29", "skip": "0", "error": "0", "xpass": "0", "xfail": "0", "rerun": "0"}, "total_tests": "40"}